[2024-11-19 16:18:03,364] 
[2024-11-19 16:18:03,364] **************************************************************
[2024-11-19 16:18:03,365] FT60X D3XX PYTHON DATA LOOPBACK DEMO
[2024-11-19 16:18:03,365] WORKSTATION,LAPTOP-81VNS11J
[2024-11-19 16:18:03,365] OSVERSION,Windows 10,AMD64
[2024-11-19 16:18:03,365] OPERATOR,selfb
[2024-11-19 16:18:03,366] DATE,2024-11-19
[2024-11-19 16:18:03,367] TIME,16:18:03
[2024-11-19 16:18:03,367] PYTHON,3.9.0
[2024-11-19 16:18:03,367] **************************************************************
[2024-11-19 16:18:03,368] 
[2024-11-19 16:18:03,368] 
[2024-11-19 16:18:03,368] 
[2024-11-19 16:18:03,369] 
[2024-11-19 16:18:03,369] USAGE: dataloopback.py [-h] [-s SIZE] [-t] [-c [CHANNEL [CHANNEL ...]]]
[2024-11-19 16:18:03,369] 
[2024-11-19 16:18:03,383] INPUT: SIZE=0, STRESS=True, CHANNELS=[0, 1, 2, 3]
[2024-11-19 16:18:03,383] 
[2024-11-19 16:18:03,383] 
[2024-11-19 16:18:04,469] Detected 1 device(s) connected.
[2024-11-19 16:18:04,470] DEVICE[0]
[2024-11-19 16:18:04,470] 	Flags = 4
[2024-11-19 16:18:04,470] 	Type = 0
[2024-11-19 16:18:04,471] 	ID = 0X0403601F
[2024-11-19 16:18:04,471] 	LocId = 0
[2024-11-19 16:18:04,471] 	SerialNumber = 000000000001
[2024-11-19 16:18:04,472] 	Description = FTDI SuperSpeed-FIFO Bridge
[2024-11-19 16:18:04,485] Library Version: 0X1030004
[2024-11-19 16:18:04,485] Driver Version: 0X1030010
[2024-11-19 16:18:04,485] Firmware Version: 0X000109
[2024-11-19 16:18:04,486] Chip Configuration:
[2024-11-19 16:18:04,486] 	VendorID = 0x0403
[2024-11-19 16:18:04,486] 	ProductID = 0x601f
[2024-11-19 16:18:04,486] 	StringDescriptors
[2024-11-19 16:18:04,486] 		Manufacturer = FTDI
[2024-11-19 16:18:04,486] 		ProductDescription = FTDI SuperSpeed-FIFO Bridge
[2024-11-19 16:18:04,486] 		SerialNumber = 000000000001
[2024-11-19 16:18:04,486] 	InterruptInterval = 0x09
[2024-11-19 16:18:04,486] 	PowerAttributes = 0xe0 (Self-powered Remote wakeup)
[2024-11-19 16:18:04,487] 	PowerConsumption = 0x60
[2024-11-19 16:18:04,487] 	Reserved2 = 0x00
[2024-11-19 16:18:04,487] 	FIFOClock = 0x00 (100 MHz)
[2024-11-19 16:18:04,487] 	FIFOMode = 0x00 (245 Mode)
[2024-11-19 16:18:04,487] 	ChannelConfig = 0x02 (1 Channel)
[2024-11-19 16:18:04,488] 	OptionalFeatureSupport = 0x0000
[2024-11-19 16:18:04,488] 		BatteryChargingEnabled  : 0
[2024-11-19 16:18:04,488] 		DisableCancelOnUnderrun : 0
[2024-11-19 16:18:04,488] 		NotificationEnabled     : 0 0 0 0
[2024-11-19 16:18:04,488] 		UnderrunEnabled         : 0 0 0 0
[2024-11-19 16:18:04,488] 		EnableFifoInSuspend     : 0
[2024-11-19 16:18:04,490] 		DisableChipPowerdown    : 0
[2024-11-19 16:18:04,490] 	BatteryChargingGPIOConfig = 0x0
[2024-11-19 16:18:04,490] 	FlashEEPROMDetection = 0x10 (read-only)
[2024-11-19 16:18:04,490] 		Custom Config Validity  : Valid
[2024-11-19 16:18:04,491] 		Custom Config Checksum  : Valid
[2024-11-19 16:18:04,491] 		GPIO Input              : Ignore
[2024-11-19 16:18:04,491] 		Config Used             : Custom
[2024-11-19 16:18:04,491] 	MSIO_Control = 0x00010800
[2024-11-19 16:18:04,491] 	GPIO_Control = 0x00000000
[2024-11-19 16:18:04,492] 
[2024-11-19 16:18:04,494] Write[0X02] bytesTransferred 1024
[2024-11-19 16:18:09,495] Read[0X82] bytesTransferred 0
[2024-11-19 16:18:09,495] Read[0X82] error status 19 (FT_TIMEOUT)
[2024-11-19 16:18:09,698] Channel[0] loopback failed
